Determining if the pthread_create exist failed with the following output:
Change Dir: /home/parkjaehyun/korus_plugin/build/CMakeFiles/CMakeTmp

Run Build Command:"/usr/bin/make" "cmTC_aab72/fast"
/usr/bin/make -f CMakeFiles/cmTC_aab72.dir/build.make CMakeFiles/cmTC_aab72.dir/build
make[1]: 디렉터리 '/home/parkjaehyun/korus_plugin/build/CMakeFiles/CMakeTmp' 들어감
Building C object CMakeFiles/cmTC_aab72.dir/CheckSymbolExists.c.o
/usr/bin/cc     -o CMakeFiles/cmTC_aab72.dir/CheckSymbolExists.c.o   -c /home/parkjaehyun/korus_plugin/build/CMakeFiles/CMakeTmp/CheckSymbolExists.c
Linking C executable cmTC_aab72
/usr/bin/cmake -E cmake_link_script CMakeFiles/cmTC_aab72.dir/link.txt --verbose=1
/usr/bin/cc       CMakeFiles/cmTC_aab72.dir/CheckSymbolExists.c.o  -o cmTC_aab72 -rdynamic 
CMakeFiles/cmTC_aab72.dir/CheckSymbolExists.c.o: In function `main':
CheckSymbolExists.c:(.text+0x16): undefined reference to `pthread_create'
collect2: error: ld returned 1 exit status
CMakeFiles/cmTC_aab72.dir/build.make:97: 'cmTC_aab72' 타겟에 대한 명령이 실패했습니다
make[1]: *** [cmTC_aab72] 오류 1
make[1]: 디렉터리 '/home/parkjaehyun/korus_plugin/build/CMakeFiles/CMakeTmp' 나감
Makefile:126: 'cmTC_aab72/fast' 타겟에 대한 명령이 실패했습니다
make: *** [cmTC_aab72/fast] 오류 2

File /home/parkjaehyun/korus_plugin/build/CMakeFiles/CMakeTmp/CheckSymbolExists.c:
/* */
#include <pthread.h>

int main(int argc, char** argv)
{
  (void)argv;
#ifndef pthread_create
  return ((int*)(&pthread_create))[argc];
#else
  (void)argc;
  return 0;
#endif
}

Determining if the function pthread_create exists in the pthreads failed with the following output:
Change Dir: /home/parkjaehyun/korus_plugin/build/CMakeFiles/CMakeTmp

Run Build Command:"/usr/bin/make" "cmTC_80653/fast"
/usr/bin/make -f CMakeFiles/cmTC_80653.dir/build.make CMakeFiles/cmTC_80653.dir/build
make[1]: 디렉터리 '/home/parkjaehyun/korus_plugin/build/CMakeFiles/CMakeTmp' 들어감
Building C object CMakeFiles/cmTC_80653.dir/CheckFunctionExists.c.o
/usr/bin/cc    -DCHECK_FUNCTION_EXISTS=pthread_create   -o CMakeFiles/cmTC_80653.dir/CheckFunctionExists.c.o   -c /usr/share/cmake-3.5/Modules/CheckFunctionExists.c
Linking C executable cmTC_80653
/usr/bin/cmake -E cmake_link_script CMakeFiles/cmTC_80653.dir/link.txt --verbose=1
/usr/bin/cc   -DCHECK_FUNCTION_EXISTS=pthread_create    CMakeFiles/cmTC_80653.dir/CheckFunctionExists.c.o  -o cmTC_80653 -rdynamic -lpthreads 
/usr/bin/ld: cannot find -lpthreads
collect2: error: ld returned 1 exit status
CMakeFiles/cmTC_80653.dir/build.make:97: 'cmTC_80653' 타겟에 대한 명령이 실패했습니다
make[1]: *** [cmTC_80653] 오류 1
make[1]: 디렉터리 '/home/parkjaehyun/korus_plugin/build/CMakeFiles/CMakeTmp' 나감
Makefile:126: 'cmTC_80653/fast' 타겟에 대한 명령이 실패했습니다
make: *** [cmTC_80653/fast] 오류 2


